<?xml version="1.0" encoding="UTF-8"?>
<!-- Generated by org.testng.reporters.JUnitReportReporter -->
<testsuite hostname="MYSGEC241372D" name="TestCases.EnrollMember" tests="2" failures="0" timestamp="10 Aug 2017 02:08:27 GMT" time="19.463" errors="0">
  <testcase name="Register" time="9.099" classname="TestCases.EnrollMember"/>
  <testcase name="Register" time="10.364" classname="TestCases.EnrollMember"/>
</testsuite> <!-- TestCases.EnrollMember -->
