<?xml version="1.0" encoding="UTF-8"?>
<!-- Generated by org.testng.reporters.JUnitReportReporter -->
<testsuite hostname="MYSGEC241372D" name="TestCases.EnrollMember" tests="1" failures="0" timestamp="9 Aug 2017 23:12:31 GMT" time="11.929" errors="0">
  <testcase name="Register" time="11.929" classname="TestCases.EnrollMember"/>
</testsuite> <!-- TestCases.EnrollMember -->
