<?xml version="1.0" encoding="UTF-8"?>
<!-- Generated by org.testng.reporters.JUnitReportReporter -->
<testsuite hostname="MYSGEC241372D" name="TestCases.EnrollMember" tests="2" failures="0" timestamp="10 Aug 2017 01:58:05 GMT" time="18.918" errors="0">
  <testcase name="Register" time="10.008" classname="TestCases.EnrollMember"/>
  <testcase name="Register" time="8.910" classname="TestCases.EnrollMember"/>
</testsuite> <!-- TestCases.EnrollMember -->
