<?xml version="1.0" encoding="UTF-8"?>
<!-- Generated by org.testng.reporters.JUnitReportReporter -->
<testsuite skipped="0" hostname="MYSHEC79761L" name="ApplicationMap.ReadSheet" tests="1" failures="0" timestamp="03 Aug 2017 12:59:46 GMT" time="1.038" errors="0">
  <testcase name="test_script" time="1.038" classname="ApplicationMap.ReadSheet"/>
</testsuite> <!-- ApplicationMap.ReadSheet -->
