<?xml version="1.0" encoding="UTF-8"?>
<!-- Generated by org.testng.reporters.JUnitReportReporter -->
<testsuite skipped="0" hostname="MYSHEC79761L" name="Testng.TestGrouping" tests="3" failures="0" timestamp="05 Jul 2017 06:08:07 GMT" time="0.008" errors="0">
  <testcase name="m2" time="0.004" classname="Testng.TestGrouping"/>
  <testcase name="m3" time="0.002" classname="Testng.TestGrouping"/>
  <testcase name="m4" time="0.002" classname="Testng.TestGrouping"/>
</testsuite> <!-- Testng.TestGrouping -->
