<?xml version="1.0" encoding="UTF-8"?>
<!-- Generated by org.testng.reporters.JUnitReportReporter -->
<testsuite hostname="MYSGEC241372D" name="ApplicationModules.EnrollMember" tests="1" failures="0" timestamp="9 Aug 2017 08:44:39 GMT" time="11.970" errors="0">
  <testcase name="Register" time="11.970" classname="ApplicationModules.EnrollMember"/>
</testsuite> <!-- ApplicationModules.EnrollMember -->
