<?xml version="1.0" encoding="UTF-8"?>
<!-- Generated by org.testng.reporters.JUnitReportReporter -->
<<<<<<< HEAD
<testsuite skipped="0" hostname="MYSHEC79761L" name="ApplicationModules.EnrollMember" tests="4" failures="0" timestamp="09 Aug 2017 04:58:25 GMT" time="17.283" errors="0">
  <testcase name="Register" time="6.951" classname="ApplicationModules.EnrollMember"/>
  <testcase name="PopUpMethod1" time="5.061" classname="ApplicationModules.EnrollMember"/>
  <testcase name="PopUpMethod" time="0.060" classname="ApplicationModules.EnrollMember"/>
  <testcase name="leftNavigate" time="5.211" classname="ApplicationModules.EnrollMember"/>
=======
<testsuite hostname="MYSGEC241372D" name="ApplicationModules.EnrollMember" tests="1" failures="0" timestamp="9 Aug 2017 08:44:39 GMT" time="11.970" errors="0">
  <testcase name="Register" time="11.970" classname="ApplicationModules.EnrollMember"/>
>>>>>>> 1993f27ae47b7cb6392532e9fe938c8e7d60d68d
</testsuite> <!-- ApplicationModules.EnrollMember -->
