<?xml version="1.0" encoding="UTF-8"?>
<!-- Generated by org.testng.reporters.JUnitReportReporter -->
<testsuite skipped="0" hostname="MYSHEC79761L" name="PageObjects.Driverdemo" tests="2" failures="0" timestamp="07 Aug 2017 07:33:04 GMT" time="69.929" errors="0">
  <testcase name="thisthis" time="13.041" classname="PageObjects.Driverdemo"/>
  <testcase name="Login" time="56.888" classname="PageObjects.Driverdemo"/>
</testsuite> <!-- PageObjects.Driverdemo -->
