<?xml version="1.0" encoding="UTF-8"?>
<!-- Generated by org.testng.reporters.JUnitReportReporter -->
<testsuite skipped="0" hostname="MYSHEC79761L" name="Testng.NewTest" tests="2" failures="0" timestamp="03 Aug 2017 13:42:48 GMT" time="0.011" errors="0">
  <testcase name="test1" time="0.008" classname="Testng.NewTest"/>
  <testcase name="test2" time="0.003" classname="Testng.NewTest"/>
</testsuite> <!-- Testng.NewTest -->
