<?xml version="1.0" encoding="UTF-8"?>
<!-- Generated by org.testng.reporters.JUnitReportReporter -->
<testsuite skipped="0" hostname="MYSHEC79761L" name="PageObjects.demoTNG" tests="1" failures="0" timestamp="04 Aug 2017 06:29:22 GMT" time="0.021" errors="0">
  <testcase name="test1" time="0.021" classname="PageObjects.demoTNG"/>
</testsuite> <!-- PageObjects.demoTNG -->
