<?xml version="1.0" encoding="UTF-8"?>
<!-- Generated by org.testng.reporters.JUnitReportReporter -->
<testsuite skipped="0" hostname="MYSHEC79761L" name="ApplicationModules.EnrollMember" tests="1" failures="0" timestamp="08 Aug 2017 05:52:35 GMT" time="12.133" errors="0">
  <testcase name="Register" time="12.133" classname="ApplicationModules.EnrollMember"/>
</testsuite> <!-- ApplicationModules.EnrollMember -->
