<?xml version="1.0" encoding="UTF-8"?>
<!-- Generated by org.testng.reporters.JUnitReportReporter -->
<testsuite hostname="MYSGEC241372D" name="ApplicationModules.EnrollMember" tests="1" failures="0" timestamp="8 Aug 2017 22:00:18 GMT" time="10.481" errors="0">
  <testcase name="Register" time="10.481" classname="ApplicationModules.EnrollMember"/>
</testsuite> <!-- ApplicationModules.EnrollMember -->
