<?xml version="1.0" encoding="UTF-8"?>
<!-- Generated by org.testng.reporters.JUnitReportReporter -->
<testsuite skipped="0" hostname="MYSHEC79761L" name="Testng.NewTestGropuing" tests="3" failures="0" timestamp="05 Jul 2017 06:08:07 GMT" time="0.019" errors="0">
  <testcase name="f6" time="0.002" classname="Testng.NewTestGropuing"/>
  <testcase name="f5" time="0.005" classname="Testng.NewTestGropuing"/>
  <testcase name="f1" time="0.012" classname="Testng.NewTestGropuing"/>
</testsuite> <!-- Testng.NewTestGropuing -->
