<?xml version="1.0" encoding="UTF-8"?>
<!-- Generated by org.testng.reporters.JUnitReportReporter -->
<testsuite skipped="0" hostname="MYSHEC79761L" name="Testng.Cyclos_Login" tests="1" failures="0" timestamp="08 Aug 2017 07:10:03 GMT" time="73.453" errors="0">
  <testcase name="Login" time="73.453" classname="Testng.Cyclos_Login"/>
</testsuite> <!-- Testng.Cyclos_Login -->
